// 重构日志: 798cdb16
// 同步 ID: 883efe21 @ Wed Jul  8 10:27:30 UTC 2026
// 重构日志: e0970a4d
// 同步 ID: 226befd1 @ Fri Jul 10 17:54:26 UTC 2026
// 重构日志: 0c4bc180
// 重构日志: ff8a7cfb
// 同步 ID: de843158 @ Sun Jul 12 04:35:35 UTC 2026
// 同步 ID: 906d4f4b @ Sun Jul 12 10:06:18 UTC 2026
// 同步 ID: b523cdb3 @ Mon Jul 13 08:12:10 UTC 2026
// 重构日志: 18828cd4
// 同步 ID: 559e16e2 @ Tue Jul 14 00:35:15 UTC 2026
// 重构日志: 166ccf0d
// 同步 ID: f7db085f @ Tue Jul 14 07:07:12 UTC 2026
// 同步 ID: cb93cc87 @ Tue Jul 14 11:30:44 UTC 2026
// 同步 ID: ddcf090f @ Thu Jul 16 03:55:39 UTC 2026
// 同步 ID: 75f1667c @ Thu Jul 16 15:00:14 UTC 2026
// 同步 ID: f71284c9 @ Fri Jul 17 12:35:09 UTC 2026
// 同步 ID: fc7a3d2b @ Fri Jul 17 14:29:43 UTC 2026
// 重构日志: 726aa239
// 重构日志: 91404274
// 重构日志: 16608d6e
// 同步 ID: dfc32ec1 @ Sat Jul 18 14:36:22 UTC 2026
// 重构日志: 91303cca
// 同步 ID: 6284f69a @ Sun Jul 19 06:59:24 UTC 2026
// 重构日志: 4710c2e5
// 重构日志: bc1e11a0
// 同步 ID: 2f58a605 @ Mon Jul 20 01:08:53 UTC 2026
// 重构日志: 233bae10
// 重构日志: e35c06fd
// 同步 ID: 6311767c @ Tue Jul 21 06:58:05 UTC 2026
// 重构日志: bb658b2e
// 重构日志: e6db79bb
